  AddFavGenre.cpp
  StartCommand.cpp
  System.cpp
C:\Users\Krisi\OneDrive - uni-sofia.bg\Documents\GitHub\Music Collection\MusicCollection\MusicCollection\System.cpp(136,22): warning C4018: '<': signed/unsigned mismatch
C:\Users\Krisi\OneDrive - uni-sofia.bg\Documents\GitHub\Music Collection\MusicCollection\MusicCollection\System.cpp(249,20): warning C4018: '<': signed/unsigned mismatch
C:\Users\Krisi\OneDrive - uni-sofia.bg\Documents\GitHub\Music Collection\MusicCollection\MusicCollection\System.cpp(262,20): warning C4018: '<': signed/unsigned mismatch
C:\Users\Krisi\OneDrive - uni-sofia.bg\Documents\GitHub\Music Collection\MusicCollection\MusicCollection\System.cpp(275,20): warning C4018: '<': signed/unsigned mismatch
C:\Users\Krisi\OneDrive - uni-sofia.bg\Documents\GitHub\Music Collection\MusicCollection\MusicCollection\System.cpp(279,22): warning C4018: '<': signed/unsigned mismatch
C:\Users\Krisi\OneDrive - uni-sofia.bg\Documents\GitHub\Music Collection\MusicCollection\MusicCollection\System.cpp(299,21): warning C4018: '<': signed/unsigned mismatch
C:\Users\Krisi\OneDrive - uni-sofia.bg\Documents\GitHub\Music Collection\MusicCollection\MusicCollection\System.cpp(313,21): warning C4018: '<': signed/unsigned mismatch
C:\Users\Krisi\OneDrive - uni-sofia.bg\Documents\GitHub\Music Collection\MusicCollection\MusicCollection\System.cpp(327,21): warning C4018: '<': signed/unsigned mismatch
C:\Users\Krisi\OneDrive - uni-sofia.bg\Documents\GitHub\Music Collection\MusicCollection\MusicCollection\System.cpp(341,21): warning C4018: '<': signed/unsigned mismatch
C:\Users\Krisi\OneDrive - uni-sofia.bg\Documents\GitHub\Music Collection\MusicCollection\MusicCollection\System.cpp(343,22): warning C4018: '<': signed/unsigned mismatch
C:\Users\Krisi\OneDrive - uni-sofia.bg\Documents\GitHub\Music Collection\MusicCollection\MusicCollection\System.cpp(355,20): warning C4018: '<': signed/unsigned mismatch
C:\Users\Krisi\OneDrive - uni-sofia.bg\Documents\GitHub\Music Collection\MusicCollection\MusicCollection\System.cpp(359,22): warning C4018: '<': signed/unsigned mismatch
C:\Users\Krisi\OneDrive - uni-sofia.bg\Documents\GitHub\Music Collection\MusicCollection\MusicCollection\System.cpp(374,21): warning C4018: '<': signed/unsigned mismatch
C:\Users\Krisi\OneDrive - uni-sofia.bg\Documents\GitHub\Music Collection\MusicCollection\MusicCollection\System.cpp(378,23): warning C4018: '<': signed/unsigned mismatch
C:\Users\Krisi\OneDrive - uni-sofia.bg\Documents\GitHub\Music Collection\MusicCollection\MusicCollection\System.cpp(390,21): warning C4018: '<': signed/unsigned mismatch
C:\Users\Krisi\OneDrive - uni-sofia.bg\Documents\GitHub\Music Collection\MusicCollection\MusicCollection\System.cpp(394,23): warning C4018: '<': signed/unsigned mismatch
C:\Users\Krisi\OneDrive - uni-sofia.bg\Documents\GitHub\Music Collection\MusicCollection\MusicCollection\System.cpp(410,21): warning C4018: '<': signed/unsigned mismatch
C:\Users\Krisi\OneDrive - uni-sofia.bg\Documents\GitHub\Music Collection\MusicCollection\MusicCollection\System.cpp(414,23): warning C4018: '<': signed/unsigned mismatch
C:\Users\Krisi\OneDrive - uni-sofia.bg\Documents\GitHub\Music Collection\MusicCollection\MusicCollection\System.cpp(426,21): warning C4018: '<': signed/unsigned mismatch
C:\Users\Krisi\OneDrive - uni-sofia.bg\Documents\GitHub\Music Collection\MusicCollection\MusicCollection\System.cpp(430,23): warning C4018: '<': signed/unsigned mismatch
C:\Users\Krisi\OneDrive - uni-sofia.bg\Documents\GitHub\Music Collection\MusicCollection\MusicCollection\System.cpp(442,21): warning C4018: '<': signed/unsigned mismatch
C:\Users\Krisi\OneDrive - uni-sofia.bg\Documents\GitHub\Music Collection\MusicCollection\MusicCollection\System.cpp(446,23): warning C4018: '<': signed/unsigned mismatch
C:\Users\Krisi\OneDrive - uni-sofia.bg\Documents\GitHub\Music Collection\MusicCollection\MusicCollection\System.cpp(462,20): warning C4018: '<': signed/unsigned mismatch
C:\Users\Krisi\OneDrive - uni-sofia.bg\Documents\GitHub\Music Collection\MusicCollection\MusicCollection\System.cpp(584,21): warning C4018: '<': signed/unsigned mismatch
C:\Users\Krisi\OneDrive - uni-sofia.bg\Documents\GitHub\Music Collection\MusicCollection\MusicCollection\System.cpp(611,21): warning C4018: '<': signed/unsigned mismatch
C:\Users\Krisi\OneDrive - uni-sofia.bg\Documents\GitHub\Music Collection\MusicCollection\MusicCollection\System.cpp(629,21): warning C4018: '<': signed/unsigned mismatch
C:\Users\Krisi\OneDrive - uni-sofia.bg\Documents\GitHub\Music Collection\MusicCollection\MusicCollection\System.cpp(647,21): warning C4018: '<': signed/unsigned mismatch
C:\Users\Krisi\OneDrive - uni-sofia.bg\Documents\GitHub\Music Collection\MusicCollection\MusicCollection\System.cpp(665,21): warning C4018: '<': signed/unsigned mismatch
C:\Users\Krisi\OneDrive - uni-sofia.bg\Documents\GitHub\Music Collection\MusicCollection\MusicCollection\System.cpp(687,21): warning C4018: '<': signed/unsigned mismatch
C:\Users\Krisi\OneDrive - uni-sofia.bg\Documents\GitHub\Music Collection\MusicCollection\MusicCollection\System.cpp(710,21): warning C4018: '<': signed/unsigned mismatch
C:\Users\Krisi\OneDrive - uni-sofia.bg\Documents\GitHub\Music Collection\MusicCollection\MusicCollection\System.cpp(730,21): warning C4018: '<': signed/unsigned mismatch
C:\Users\Krisi\OneDrive - uni-sofia.bg\Documents\GitHub\Music Collection\MusicCollection\MusicCollection\System.cpp(756,21): warning C4018: '<': signed/unsigned mismatch
C:\Users\Krisi\OneDrive - uni-sofia.bg\Documents\GitHub\Music Collection\MusicCollection\MusicCollection\System.cpp(779,21): warning C4018: '<': signed/unsigned mismatch
C:\Users\Krisi\OneDrive - uni-sofia.bg\Documents\GitHub\Music Collection\MusicCollection\MusicCollection\System.cpp(783,23): warning C4018: '<': signed/unsigned mismatch
C:\Users\Krisi\OneDrive - uni-sofia.bg\Documents\GitHub\Music Collection\MusicCollection\MusicCollection\System.cpp(1034,21): warning C4018: '<': signed/unsigned mismatch
C:\Users\Krisi\OneDrive - uni-sofia.bg\Documents\GitHub\Music Collection\MusicCollection\MusicCollection\System.cpp(1038,23): warning C4018: '<': signed/unsigned mismatch
  Generating Code...
C:\Users\Krisi\OneDrive - uni-sofia.bg\Documents\GitHub\Music Collection\MusicCollection\MusicCollection\System.cpp(750): warning C4715: 'System::addPlaylist': not all control paths return a value
  MusicCollection.vcxproj -> C:\Users\Krisi\OneDrive - uni-sofia.bg\Documents\GitHub\Music Collection\MusicCollection\Debug\MusicCollection.exe
