c:\users\krisi\onedrive - uni-sofia.bg\documents\github\music collection\musiccollection\musiccollection\debug\vc142.pdb
c:\users\krisi\onedrive - uni-sofia.bg\documents\github\music collection\musiccollection\musiccollection\debug\vc142.idb
c:\users\krisi\onedrive - uni-sofia.bg\documents\github\music collection\musiccollection\musiccollection\debug\validator.obj
c:\users\krisi\onedrive - uni-sofia.bg\documents\github\music collection\musiccollection\musiccollection\debug\user.obj
c:\users\krisi\onedrive - uni-sofia.bg\documents\github\music collection\musiccollection\musiccollection\debug\system.obj
c:\users\krisi\onedrive - uni-sofia.bg\documents\github\music collection\musiccollection\musiccollection\debug\source.obj
c:\users\krisi\onedrive - uni-sofia.bg\documents\github\music collection\musiccollection\musiccollection\debug\song.obj
c:\users\krisi\onedrive - uni-sofia.bg\documents\github\music collection\musiccollection\musiccollection\debug\signupcommand.obj
c:\users\krisi\onedrive - uni-sofia.bg\documents\github\music collection\musiccollection\musiccollection\debug\playlist.obj
c:\users\krisi\onedrive - uni-sofia.bg\documents\github\music collection\musiccollection\musiccollection\debug\logincommand.obj
c:\users\krisi\onedrive - uni-sofia.bg\documents\github\music collection\musiccollection\musiccollection\debug\invoker.obj
c:\users\krisi\onedrive - uni-sofia.bg\documents\github\music collection\musiccollection\musiccollection\debug\icommand.obj
c:\users\krisi\onedrive - uni-sofia.bg\documents\github\music collection\musiccollection\musiccollection\debug\date.obj
c:\users\krisi\onedrive - uni-sofia.bg\documents\github\music collection\musiccollection\debug\musiccollection.pdb
c:\users\krisi\onedrive - uni-sofia.bg\documents\github\music collection\musiccollection\musiccollection\debug\musiccollection.tlog\cl.command.1.tlog
c:\users\krisi\onedrive - uni-sofia.bg\documents\github\music collection\musiccollection\musiccollection\debug\musiccollection.tlog\cl.read.1.tlog
c:\users\krisi\onedrive - uni-sofia.bg\documents\github\music collection\musiccollection\musiccollection\debug\musiccollection.tlog\cl.write.1.tlog
c:\users\krisi\onedrive - uni-sofia.bg\documents\github\music collection\musiccollection\musiccollection\debug\musiccollection.tlog\link-cvtres.read.1.tlog
c:\users\krisi\onedrive - uni-sofia.bg\documents\github\music collection\musiccollection\musiccollection\debug\musiccollection.tlog\link-cvtres.write.1.tlog
c:\users\krisi\onedrive - uni-sofia.bg\documents\github\music collection\musiccollection\musiccollection\debug\musiccollection.tlog\link-rc.read.1.tlog
c:\users\krisi\onedrive - uni-sofia.bg\documents\github\music collection\musiccollection\musiccollection\debug\musiccollection.tlog\link-rc.write.1.tlog
c:\users\krisi\onedrive - uni-sofia.bg\documents\github\music collection\musiccollection\musiccollection\debug\musiccollection.tlog\link.command.1.tlog
c:\users\krisi\onedrive - uni-sofia.bg\documents\github\music collection\musiccollection\musiccollection\debug\musiccollection.tlog\link.read.1.tlog
c:\users\krisi\onedrive - uni-sofia.bg\documents\github\music collection\musiccollection\musiccollection\debug\musiccollection.tlog\link.write.1.tlog
